[start] 2026-07-08T02:02:24+00:00 host=admin123 pwd=/home/t00906153/ClusterHealthDetect
[npu-before]
+------------------------------------------------------------------------------------------------------------------+
| npu-smi 26.0.rc1                            Version: 26.0.rc1                                                    |
+---------------------------+---------------+----------------------------------------------------------------------+
| NPU   Name                | Health        | Power(W)             Temp(C)                 Hugepages-Usage(page)   |
| Chip  Phy-ID              | Bus-Id        | AICore(%)            Memory-Usage(MB)        HBM-Usage(MB)           |
+===========================+===============+======================================================================+
| 0     Ascend910           | OK            | 177.7                46                      0    / 0                |
| 0     0                   | 0000:AE:00.0  | 0                    0    / 0                3122 / 65536            |
+------------------------------------------------------------------------------------------------------------------+
| 0     Ascend910           | OK            | -                    44                      0    / 0                |
| 1     1                   | 0000:95:00.0  | 0                    0    / 0                2855 / 65536            |
+===========================+===============+======================================================================+
| 1     Ascend910           | OK            | 177.2                47                      0    / 0                |
| 0     2                   | 0000:96:00.0  | 0                    0    / 0                3120 / 65536            |
+------------------------------------------------------------------------------------------------------------------+
| 1     Ascend910           | OK            | -                    45                      0    / 0                |
| 1     3                   | 0000:AF:00.0  | 0                    0    / 0                2855 / 65536            |
+===========================+===============+======================================================================+
| 2     Ascend910           | OK            | 184.0                49                      0    / 0                |
| 0     4                   | 0000:A8:00.0  | 0                    0    / 0                3106 / 65536            |
+------------------------------------------------------------------------------------------------------------------+
| 2     Ascend910           | OK            | -                    51                      0    / 0                |
| 1     5                   | 0000:84:00.0  | 0                    0    / 0                2867 / 65536            |
+===========================+===============+======================================================================+
| 3     Ascend910           | OK            | 185.4                49                      0    / 0                |
| 0     6                   | 0000:85:00.0  | 0                    0    / 0                3117 / 65536            |
+------------------------------------------------------------------------------------------------------------------+
| 3     Ascend910           | OK            | -                    49                      0    / 0                |
| 1     7                   | 0000:A9:00.0  | 0                    0    / 0                2855 / 65536            |
+===========================+===============+======================================================================+
| 4     Ascend910           | OK            | 182.5                45                      0    / 0                |
| 0     8                   | 0000:1C:00.0  | 0                    0    / 0                3110 / 65536            |
+------------------------------------------------------------------------------------------------------------------+
| 4     Ascend910           | OK            | -                    45                      0    / 0                |
| 1     9                   | 0000:03:00.0  | 0                    0    / 0                2861 / 65536            |
+===========================+===============+======================================================================+
| 5     Ascend910           | OK            | 178.5                45                      0    / 0                |
| 0     10                  | 0000:04:00.0  | 0                    0    / 0                3103 / 65536            |
+------------------------------------------------------------------------------------------------------------------+
| 5     Ascend910           | OK            | -                    47                      0    / 0                |
| 1     11                  | 0000:1D:00.0  | 0                    0    / 0                2861 / 65536            |
+===========================+===============+======================================================================+
| 6     Ascend910           | OK            | 191.6                50                      0    / 0                |
| 0     12                  | 0000:16:00.0  | 0                    0    / 0                3115 / 65536            |
+------------------------------------------------------------------------------------------------------------------+
| 6     Ascend910           | OK            | -                    56                      0    / 0                |
| 1     13                  | 0000:3A:00.0  | 0                    0    / 0                2854 / 65536            |
+===========================+===============+======================================================================+
| 7     Ascend910           | OK            | 183.1                49                      0    / 0                |
| 0     14                  | 0000:3B:00.0  | 0                    0    / 0                3116 / 65536            |
+------------------------------------------------------------------------------------------------------------------+
| 7     Ascend910           | OK            | -                    49                      0    / 0                |
| 1     15                  | 0000:17:00.0  | 0                    0    / 0                2855 / 65536            |
+===========================+===============+======================================================================+
+---------------------------+---------------+----------------------------------------------------------------------+
| NPU     Chip              | Process id    | Process name       | Process memory(MB)    | Process id in container |
+===========================+===============+======================================================================+
| No running processes found in NPU 0                                                                              |
+===========================+===============+======================================================================+
| No running processes found in NPU 1                                                                              |
+===========================+===============+======================================================================+
| No running processes found in NPU 2                                                                              |
+===========================+===============+======================================================================+
| No running processes found in NPU 3                                                                              |
+===========================+===============+======================================================================+
| No running processes found in NPU 4                                                                              |
+===========================+===============+======================================================================+
| No running processes found in NPU 5                                                                              |
+===========================+===============+======================================================================+
| No running processes found in NPU 6                                                                              |
+===========================+===============+======================================================================+
| No running processes found in NPU 7                                                                              |
+===========================+===============+======================================================================+
[env] conda=qxm_mm
torch 2.7.1+cpu
torch_npu 2.7.1.post5
npu_count 16
[h2d-start] 2026-07-08T02:02:30+00:00 out=results/core-h2d-matrix-clean-180-64mb-20260708-020224
[W708 02:02:43.587395553 NPUCachingAllocator.cpp:196] Warning: The current CANN and Soc Version require processing for 32 padding size, with memory allocation. (function operator())
progress repeat=1/1 cpu=4/384 metrics=64
progress repeat=1/1 cpu=8/384 metrics=128
progress repeat=1/1 cpu=12/384 metrics=192
progress repeat=1/1 cpu=16/384 metrics=256
progress repeat=1/1 cpu=20/384 metrics=320
progress repeat=1/1 cpu=24/384 metrics=384
progress repeat=1/1 cpu=28/384 metrics=448
progress repeat=1/1 cpu=32/384 metrics=512
progress repeat=1/1 cpu=36/384 metrics=576
progress repeat=1/1 cpu=40/384 metrics=640
progress repeat=1/1 cpu=44/384 metrics=704
progress repeat=1/1 cpu=48/384 metrics=768
progress repeat=1/1 cpu=52/384 metrics=832
progress repeat=1/1 cpu=56/384 metrics=896
progress repeat=1/1 cpu=60/384 metrics=960
progress repeat=1/1 cpu=64/384 metrics=1024
progress repeat=1/1 cpu=68/384 metrics=1088
progress repeat=1/1 cpu=72/384 metrics=1152
progress repeat=1/1 cpu=76/384 metrics=1216
progress repeat=1/1 cpu=80/384 metrics=1280
progress repeat=1/1 cpu=84/384 metrics=1344
progress repeat=1/1 cpu=88/384 metrics=1408
progress repeat=1/1 cpu=92/384 metrics=1472
progress repeat=1/1 cpu=96/384 metrics=1536
progress repeat=1/1 cpu=100/384 metrics=1600
progress repeat=1/1 cpu=104/384 metrics=1664
progress repeat=1/1 cpu=108/384 metrics=1728
progress repeat=1/1 cpu=112/384 metrics=1792
progress repeat=1/1 cpu=116/384 metrics=1856
progress repeat=1/1 cpu=120/384 metrics=1920
progress repeat=1/1 cpu=124/384 metrics=1984
progress repeat=1/1 cpu=128/384 metrics=2048
progress repeat=1/1 cpu=132/384 metrics=2112
progress repeat=1/1 cpu=136/384 metrics=2176
progress repeat=1/1 cpu=140/384 metrics=2240
progress repeat=1/1 cpu=144/384 metrics=2304
progress repeat=1/1 cpu=148/384 metrics=2368
progress repeat=1/1 cpu=152/384 metrics=2432
progress repeat=1/1 cpu=156/384 metrics=2496
progress repeat=1/1 cpu=160/384 metrics=2560
progress repeat=1/1 cpu=164/384 metrics=2624
progress repeat=1/1 cpu=168/384 metrics=2688
progress repeat=1/1 cpu=172/384 metrics=2752
progress repeat=1/1 cpu=176/384 metrics=2816
progress repeat=1/1 cpu=180/384 metrics=2880
progress repeat=1/1 cpu=184/384 metrics=2944
progress repeat=1/1 cpu=188/384 metrics=3008
progress repeat=1/1 cpu=192/384 metrics=3072
progress repeat=1/1 cpu=196/384 metrics=3136
progress repeat=1/1 cpu=200/384 metrics=3200
progress repeat=1/1 cpu=204/384 metrics=3264
progress repeat=1/1 cpu=208/384 metrics=3328
progress repeat=1/1 cpu=212/384 metrics=3392
progress repeat=1/1 cpu=216/384 metrics=3456
progress repeat=1/1 cpu=220/384 metrics=3520
progress repeat=1/1 cpu=224/384 metrics=3584
progress repeat=1/1 cpu=228/384 metrics=3648
progress repeat=1/1 cpu=232/384 metrics=3712
progress repeat=1/1 cpu=236/384 metrics=3776
progress repeat=1/1 cpu=240/384 metrics=3840
progress repeat=1/1 cpu=244/384 metrics=3904
progress repeat=1/1 cpu=248/384 metrics=3968
progress repeat=1/1 cpu=252/384 metrics=4032
progress repeat=1/1 cpu=256/384 metrics=4096
progress repeat=1/1 cpu=260/384 metrics=4160
progress repeat=1/1 cpu=264/384 metrics=4224
progress repeat=1/1 cpu=268/384 metrics=4288
progress repeat=1/1 cpu=272/384 metrics=4352
progress repeat=1/1 cpu=276/384 metrics=4416
progress repeat=1/1 cpu=280/384 metrics=4480
progress repeat=1/1 cpu=284/384 metrics=4544
progress repeat=1/1 cpu=288/384 metrics=4608
progress repeat=1/1 cpu=292/384 metrics=4672
progress repeat=1/1 cpu=296/384 metrics=4736
progress repeat=1/1 cpu=300/384 metrics=4800
progress repeat=1/1 cpu=304/384 metrics=4864
progress repeat=1/1 cpu=308/384 metrics=4928
progress repeat=1/1 cpu=312/384 metrics=4992
progress repeat=1/1 cpu=316/384 metrics=5056
progress repeat=1/1 cpu=320/384 metrics=5120
progress repeat=1/1 cpu=324/384 metrics=5184
progress repeat=1/1 cpu=328/384 metrics=5248
progress repeat=1/1 cpu=332/384 metrics=5312
progress repeat=1/1 cpu=336/384 metrics=5376
progress repeat=1/1 cpu=340/384 metrics=5440
progress repeat=1/1 cpu=344/384 metrics=5504
progress repeat=1/1 cpu=348/384 metrics=5568
progress repeat=1/1 cpu=352/384 metrics=5632
progress repeat=1/1 cpu=356/384 metrics=5696
progress repeat=1/1 cpu=360/384 metrics=5760
progress repeat=1/1 cpu=364/384 metrics=5824
progress repeat=1/1 cpu=368/384 metrics=5888
progress repeat=1/1 cpu=372/384 metrics=5952
progress repeat=1/1 cpu=376/384 metrics=6016
progress repeat=1/1 cpu=380/384 metrics=6080
progress repeat=1/1 cpu=384/384 metrics=6144
metrics=6144 ok=6144 gbps_max=27.178 gbps_median=24.830
results/core-h2d-matrix-clean-180-64mb-20260708-020224
results/core-h2d-matrix-clean-180-64mb-20260708-020224/core-h2d-matrix.xlsx
results/core-h2d-matrix-clean-180-64mb-20260708-020224/png/h2d_cpu_core_by_npu_64MB.png
Wrote results/core-h2d-matrix-clean-180-64mb-20260708-020224
[h2d-done] 2026-07-08T02:40:09+00:00
[npu-after]
+------------------------------------------------------------------------------------------------------------------+
| npu-smi 26.0.rc1                            Version: 26.0.rc1                                                    |
+---------------------------+---------------+----------------------------------------------------------------------+
| NPU   Name                | Health        | Power(W)             Temp(C)                 Hugepages-Usage(page)   |
| Chip  Phy-ID              | Bus-Id        | AICore(%)            Memory-Usage(MB)        HBM-Usage(MB)           |
+===========================+===============+======================================================================+
| 0     Ascend910           | OK            | 177.6                45                      0    / 0                |
| 0     0                   | 0000:AE:00.0  | 0                    0    / 0                3124 / 65536            |
+------------------------------------------------------------------------------------------------------------------+
| 0     Ascend910           | OK            | -                    45                      0    / 0                |
| 1     1                   | 0000:95:00.0  | 0                    0    / 0                2857 / 65536            |
+===========================+===============+======================================================================+
| 1     Ascend910           | OK            | 176.3                47                      0    / 0                |
| 0     2                   | 0000:96:00.0  | 0                    0    / 0                3121 / 65536            |
+------------------------------------------------------------------------------------------------------------------+
| 1     Ascend910           | OK            | -                    44                      0    / 0                |
| 1     3                   | 0000:AF:00.0  | 0                    0    / 0                2857 / 65536            |
+===========================+===============+======================================================================+
| 2     Ascend910           | OK            | 180.9                50                      0    / 0                |
| 0     4                   | 0000:A8:00.0  | 0                    0    / 0                3107 / 65536            |
+------------------------------------------------------------------------------------------------------------------+
| 2     Ascend910           | OK            | -                    51                      0    / 0                |
| 1     5                   | 0000:84:00.0  | 0                    0    / 0                2869 / 65536            |
+===========================+===============+======================================================================+
| 3     Ascend910           | OK            | 185.8                49                      0    / 0                |
| 0     6                   | 0000:85:00.0  | 0                    0    / 0                3119 / 65536            |
+------------------------------------------------------------------------------------------------------------------+
| 3     Ascend910           | OK            | -                    48                      0    / 0                |
| 1     7                   | 0000:A9:00.0  | 0                    0    / 0                2857 / 65536            |
+===========================+===============+======================================================================+
| 4     Ascend910           | OK            | 181.8                45                      0    / 0                |
| 0     8                   | 0000:1C:00.0  | 0                    0    / 0                3112 / 65536            |
+------------------------------------------------------------------------------------------------------------------+
| 4     Ascend910           | OK            | -                    45                      0    / 0                |
| 1     9                   | 0000:03:00.0  | 0                    0    / 0                2862 / 65536            |
+===========================+===============+======================================================================+
| 5     Ascend910           | OK            | 178.0                45                      0    / 0                |
| 0     10                  | 0000:04:00.0  | 0                    0    / 0                3104 / 65536            |
+------------------------------------------------------------------------------------------------------------------+
| 5     Ascend910           | OK            | -                    47                      0    / 0                |
| 1     11                  | 0000:1D:00.0  | 0                    0    / 0                2863 / 65536            |
+===========================+===============+======================================================================+
| 6     Ascend910           | OK            | 191.2                50                      0    / 0                |
| 0     12                  | 0000:16:00.0  | 0                    0    / 0                3117 / 65536            |
+------------------------------------------------------------------------------------------------------------------+
| 6     Ascend910           | OK            | -                    56                      0    / 0                |
| 1     13                  | 0000:3A:00.0  | 0                    0    / 0                2856 / 65536            |
+===========================+===============+======================================================================+
| 7     Ascend910           | OK            | 182.6                49                      0    / 0                |
| 0     14                  | 0000:3B:00.0  | 0                    0    / 0                3117 / 65536            |
+------------------------------------------------------------------------------------------------------------------+
| 7     Ascend910           | OK            | -                    49                      0    / 0                |
| 1     15                  | 0000:17:00.0  | 0                    0    / 0                2857 / 65536            |
+===========================+===============+======================================================================+
+---------------------------+---------------+----------------------------------------------------------------------+
| NPU     Chip              | Process id    | Process name       | Process memory(MB)    | Process id in container |
+===========================+===============+======================================================================+
| No running processes found in NPU 0                                                                              |
+===========================+===============+======================================================================+
| No running processes found in NPU 1                                                                              |
+===========================+===============+======================================================================+
| No running processes found in NPU 2                                                                              |
+===========================+===============+======================================================================+
| No running processes found in NPU 3                                                                              |
+===========================+===============+======================================================================+
| No running processes found in NPU 4                                                                              |
+===========================+===============+======================================================================+
| No running processes found in NPU 5                                                                              |
+===========================+===============+======================================================================+
| No running processes found in NPU 6                                                                              |
+===========================+===============+======================================================================+
| No running processes found in NPU 7                                                                              |
+===========================+===============+======================================================================+
[done] 2026-07-08T02:40:10+00:00
